#
# There is insufficient memory for the Java Runtime Environment to continue.
# Native memory allocation (malloc) failed to allocate 1048576 bytes for AllocateHeap
# Possible reasons:
#   The system is out of physical RAM or swap space
#   The process is running with CompressedOops enabled, and the Java Heap may be blocking the growth of the native heap
# Possible solutions:
#   Reduce memory load on the system
#   Increase physical memory or swap space
#   Check if swap backing store is full
#   Decrease Java heap size (-Xmx/-Xms)
#   Decrease number of Java threads
#   Decrease Java thread stack sizes (-Xss)
#   Set larger code cache with -XX:ReservedCodeCacheSize=
#   JVM is running with Zero Based Compressed Oops mode in which the Java heap is
#     placed in the first 32GB address space. The Java Heap base address is the
#     maximum limit for the native heap growth. Please use -XX:HeapBaseMinAddress
#     to set the Java Heap base and to place the Java Heap above 32GB virtual address.
# This output file may be truncated or incomplete.
#
#  Out of Memory Error (memory/allocation.inline.hpp:61), pid=33000, tid=0x0000000000008314
#
# JRE version:  (8.0_242-b01) (build )
# Java VM: OpenJDK 64-Bit Server VM (25.242-b01 mixed mode windows-amd64 compressed oops)
# Failed to write core dump. Minidumps are not enabled by default on client versions of Windows
#

---------------  T H R E A D  ---------------

Current thread (0x0000000002452800):  JavaThread "Unknown thread" [_thread_in_vm, id=33556, stack(0x00000000022e0000,0x00000000023e0000)]

Stack: [0x00000000022e0000,0x00000000023e0000]
[error occurred during error reporting (printing stack bounds), id 0xc0000005]

Native frames: (J=compiled Java code, j=interpreted, Vv=VM code, C=native code)


---------------  P R O C E S S  ---------------

Java Threads: ( => current thread )

Other Threads:

=>0x0000000002452800 (exited) JavaThread "Unknown thread" [_thread_in_vm, id=33556, stack(0x00000000022e0000,0x00000000023e0000)]

VM state:not at safepoint (normal execution)

VM Mutex/Monitor currently owned by a thread: None

heap address: 0x00000006c1e00000, size: 4066 MB, Compressed Oops mode: Zero based, Oop shift amount: 3
Narrow klass base: 0x0000000000000000, Narrow klass shift: 3
Compressed class space size: 1073741824 Address: 0x00000007c0000000

Heap:
 PSYoungGen      total 76288K, used 1310K [0x000000076b500000, 0x0000000770a00000, 0x00000007c0000000)
  eden space 65536K, 2% used [0x000000076b500000,0x000000076b647af0,0x000000076f500000)
  from space 10752K, 0% used [0x000000076ff80000,0x000000076ff80000,0x0000000770a00000)
  to   space 10752K, 0% used [0x000000076f500000,0x000000076f500000,0x000000076ff80000)
 ParOldGen       total 175104K, used 0K [0x00000006c1e00000, 0x00000006cc900000, 0x000000076b500000)
  object space 175104K, 0% used [0x00000006c1e00000,0x00000006c1e00000,0x00000006cc900000)
 Metaspace       used 779K, capacity 4480K, committed 4480K, reserved 1056768K
  class space    used 74K, capacity 384K, committed 384K, reserved 1048576K

Card table byte_map: [0x0000000011910000,0x0000000012110000] byte_map_base: 0x000000000e301000

Marking Bits: (ParMarkBitMap*) 0x00000000621ff030
 Begin Bits: [0x0000000013060000, 0x0000000016fe8000)
 End Bits:   [0x0000000016fe8000, 0x000000001af70000)

Polling page: 0x0000000000a70000

CodeCache: size=245760Kb used=328Kb max_used=328Kb free=245431Kb
 bounds [0x0000000002550000, 0x00000000027c0000, 0x0000000011550000]
 total_blobs=57 nmethods=0 adapters=38
 compilation: enabled

Compilation events (0 events):
No events

GC Heap History (0 events):
No events

Deoptimization events (0 events):
No events

Classes redefined (0 events):
No events

Internal exceptions (0 events):
No events

Events (10 events):
Event: 0.069 loading class java/lang/Short
Event: 0.069 loading class java/lang/Short done
Event: 0.069 loading class java/lang/Integer
Event: 0.069 loading class java/lang/Integer done
Event: 0.069 loading class java/lang/Long
Event: 0.070 loading class java/lang/Long done
Event: 0.071 loading class java/lang/NullPointerException
Event: 0.071 loading class java/lang/NullPointerException done
Event: 0.071 loading class java/lang/ArithmeticException
Event: 0.071 loading class java/lang/ArithmeticException done


Dynamic libraries:
0x00007ff6ce0b0000 - 0x00007ff6ce0e1000 	C:\Program Files\Android\Android Studio\jre\jre\bin\java.exe
0x00007ff907500000 - 0x00007ff9076f0000 	C:\WINDOWS\SYSTEM32\ntdll.dll
0x00007ff905680000 - 0x00007ff905732000 	C:\WINDOWS\System32\KERNEL32.DLL
0x00007ff905300000 - 0x00007ff9055a5000 	C:\WINDOWS\System32\KERNELBASE.dll
0x00007ff9069e0000 - 0x00007ff906a83000 	C:\WINDOWS\System32\ADVAPI32.dll
0x00007ff905aa0000 - 0x00007ff905b3e000 	C:\WINDOWS\System32\msvcrt.dll
0x00007ff906cb0000 - 0x00007ff906d47000 	C:\WINDOWS\System32\sechost.dll
0x00007ff907300000 - 0x00007ff907420000 	C:\WINDOWS\System32\RPCRT4.dll
0x00007ff906d50000 - 0x00007ff906ee4000 	C:\WINDOWS\System32\USER32.dll
0x00007ff9045f0000 - 0x00007ff904611000 	C:\WINDOWS\System32\win32u.dll
0x00007ff9072d0000 - 0x00007ff9072f6000 	C:\WINDOWS\System32\GDI32.dll
0x00007ff904da0000 - 0x00007ff904f36000 	C:\WINDOWS\System32\gdi32full.dll
0x00007ff905140000 - 0x00007ff9051de000 	C:\WINDOWS\System32\msvcp_win.dll
0x00007ff9051e0000 - 0x00007ff9052da000 	C:\WINDOWS\System32\ucrtbase.dll
0x00007ff8efef0000 - 0x00007ff8f0174000 	C:\WINDOWS\WinSxS\amd64_microsoft.windows.common-controls_6595b64144ccf1df_6.0.18362.1139_none_9e7bf2d3e4605ac6\COMCTL32.dll
0x00007ff905750000 - 0x00007ff905a85000 	C:\WINDOWS\System32\combase.dll
0x00007ff904490000 - 0x00007ff904510000 	C:\WINDOWS\System32\bcryptPrimitives.dll
0x00007ff907230000 - 0x00007ff90725e000 	C:\WINDOWS\System32\IMM32.DLL
0x0000000060f20000 - 0x0000000060ff2000 	C:\Program Files\Android\Android Studio\jre\jre\bin\msvcr100.dll
0x0000000061a30000 - 0x000000006227b000 	C:\Program Files\Android\Android Studio\jre\jre\bin\server\jvm.dll
0x00007ff905a90000 - 0x00007ff905a98000 	C:\WINDOWS\System32\PSAPI.DLL
0x00007ff8fcad0000 - 0x00007ff8fcad9000 	C:\WINDOWS\SYSTEM32\WSOCK32.dll
0x00007ff8fece0000 - 0x00007ff8fecea000 	C:\WINDOWS\SYSTEM32\VERSION.dll
0x00007ff906c40000 - 0x00007ff906caf000 	C:\WINDOWS\System32\WS2_32.dll
0x00007ff8f5070000 - 0x00007ff8f5094000 	C:\WINDOWS\SYSTEM32\WINMM.dll
0x00007ff8fa1e0000 - 0x00007ff8fa20d000 	C:\WINDOWS\SYSTEM32\winmmbase.dll
0x00007ff9050f0000 - 0x00007ff90513a000 	C:\WINDOWS\System32\cfgmgr32.dll
0x00007ff8ff5a0000 - 0x00007ff8ff5af000 	C:\Program Files\Android\Android Studio\jre\jre\bin\verify.dll
0x00007ff8f0d80000 - 0x00007ff8f0da9000 	C:\Program Files\Android\Android Studio\jre\jre\bin\java.dll
0x00007ff8fc190000 - 0x00007ff8fc1a6000 	C:\Program Files\Android\Android Studio\jre\jre\bin\zip.dll

VM Arguments:
java_command: org.jetbrains.git4idea.http.GitAskPassApp Password for 'https://github.com': 
java_class_path (initial): C:/Program Files/Android/Android Studio/plugins/git4idea/lib/git4idea-rt.jar;C:/Program Files/Android/Android Studio/lib/xmlrpc-2.0.1.jar;C:/Program Files/Android/Android Studio/lib/commons-codec-1.13.jar;C:/Program Files/Android/Android Studio/lib/util.jar
Launcher Type: SUN_STANDARD

Environment Variables:
JAVA_HOME=C:\Program Files\Java\jdk1.8.0_181
PATH=C:/Program Files/Git/mingw64/libexec/git-core;C:/Program Files/Git/mingw64/libexec/git-core;C:\Program Files\Git\mingw64\bin;C:\Program Files\Git\usr\bin;C:\Users\cod19\bin;C:\Program Files\Oculus\Support\oculus-runtime;C:\Program Files (x86)\Intel\Intel(R) Management Engine Components\iCLS\;C:\Program Files\Intel\Intel(R) Management Engine Components\iCLS\;C:\Windows\system32;C:\Windows;C:\Windows\System32\Wbem;C:\Windows\System32\WindowsPowerShell\v1.0\;C:\Program Files (x86)\Intel\Intel(R) Management Engine Components\DAL;C:\Program Files\Intel\Intel(R) Management Engine Components\DAL;C:\Program Files (x86)\Intel\Intel(R) Management Engine Components\IPT;C:\Program Files\Intel\Intel(R) Management Engine Components\IPT;C:\Program Files (x86)\NVIDIA Corporation\PhysX\Common;C:\WINDOWS\system32;C:\WINDOWS;C:\WINDOWS\System32\Wbem;C:\WINDOWS\System32\WindowsPowerShell\v1.0\;C:\WINDOWS\System32\OpenSSH\;C:\Program Files\Microsoft SQL Server\130\Tools\Binn\;C:\Program Files\dotnet\;C:\Program Files\NVIDIA Corporation\NVIDIA NvDLISR;C:\WINDOWS\system32;C:\WINDOWS;C:\WINDOWS\System32\Wbem;C:\WINDOWS\System32\WindowsPowerShell\v1.0\;C:\WINDOWS\System32\OpenSSH\;c:\Program Files\Java\jdk1.8.0_181\bin;C:\Program Files\Git\cmd;C:\Users\cod19\AppData\Local\Microsoft\WindowsApps;C:\Program Files (x86)\Microsoft VS Code\bin;C:\Program Files\Java\jdk1.8.0_181\bin;C:\Users\cod19\AppData\Local\GitHubDesktop\bin
USERNAME=cod19
DISPLAY=:0.0
OS=Windows_NT
PROCESSOR_IDENTIFIER=Intel64 Family 6 Model 158 Stepping 10, GenuineIntel



---------------  S Y S T E M  ---------------

OS: Windows 10.0 , 64 bit Build 18362 (10.0.18362.1110)

CPU:total 12 (initial active 12) (6 cores per cpu, 2 threads per core) family 6 model 158 stepping 10, cmov, cx8, fxsr, mmx, sse, sse2, sse3, ssse3, sse4.1, sse4.2, popcnt, avx, avx2, aes, clmul, erms, 3dnowpref, lzcnt, ht, tsc, tscinvbit, bmi1, bmi2, adx

Memory: 4k page, physical 16652688k(5424928k free), swap 23847532k(5432k free)

vm_info: OpenJDK 64-Bit Server VM (25.242-b01) for windows-amd64 JRE (1.8.0_242-release-1644-b01), built by "builder" with MS VC++ 10.0 (VS2010)

time: Tue Oct 27 22:02:16 2020
timezone: Eastern Daylight Time
elapsed time: 0 seconds (0d 0h 0m 0s)

